<?xml version="1.0" encoding="UTF-8"?>
<!-- Generated by org.testng.reporters.JUnitReportReporter -->
<testsuite skipped="0" hostname="BDC6-D-871KX52" name="testNGdemos.before_After" tests="2" failures="0" timestamp="2020-01-23T10:36:01 IST" time="0.011" errors="0">
  <testcase name="Google" time="0.008" classname="testNGdemos.before_After"/>
  <testcase name="Yahoo" time="0.003" classname="testNGdemos.before_After"/>
</testsuite> <!-- testNGdemos.before_After -->
