<?xml version="1.0" encoding="UTF-8"?>
<!-- Generated by org.testng.reporters.JUnitReportReporter -->
<testsuite skipped="0" hostname="BDC6-D-871KX52" name="DataProvider.StaticDataProviderEx" tests="6" failures="0" timestamp="2020-01-21T15:22:58 IST" time="0.000" errors="0">
  <testcase name="client1Test" time="0.000" classname="DataProvider.StaticDataProviderEx"/>
  <testcase name="client2Test" time="0.000" classname="DataProvider.StaticDataProviderEx"/>
  <testcase name="client1Test" time="0.000" classname="DataProvider.StaticDataProviderEx"/>
  <testcase name="client2Test" time="0.000" classname="DataProvider.StaticDataProviderEx"/>
  <testcase name="client1Test" time="0.000" classname="DataProvider.StaticDataProviderEx"/>
  <testcase name="client2Test" time="0.000" classname="DataProvider.StaticDataProviderEx"/>
</testsuite> <!-- DataProvider.StaticDataProviderEx -->
