<?xml version="1.0" encoding="UTF-8"?>
<!-- Generated by org.testng.reporters.JUnitReportReporter -->
<testsuite skipped="2" hostname="BDC6-D-871KX52" name="testNGdemos.sampleTest" tests="4" failures="0" timestamp="2020-01-22T09:47:42 IST" time="0.004" errors="0">
  <testcase name="validate_Support" time="0.002" classname="testNGdemos.sampleTest"/>
  <testcase name="validate_Register" time="0.002" classname="testNGdemos.sampleTest"/>
  <testcase name="validate_Contact" classname="testNGdemos.sampleTest">
    <skipped/>
  </testcase> <!-- validate_Contact -->
  <testcase name="validate_Sign_on" classname="testNGdemos.sampleTest">
    <skipped/>
  </testcase> <!-- validate_Sign_on -->
</testsuite> <!-- testNGdemos.sampleTest -->
