<?xml version="1.0" encoding="UTF-8"?>
<!-- Generated by org.testng.reporters.JUnitReportReporter -->
<testsuite skipped="0" hostname="BDC6-D-871KX52" name="DataProvider.twoDimensionsTest" tests="2" failures="0" timestamp="2020-01-21T15:01:19 IST" time="0.016" errors="0">
  <testcase name="f" time="0.000" classname="DataProvider.twoDimensionsTest"/>
  <testcase name="f" time="0.016" classname="DataProvider.twoDimensionsTest"/>
</testsuite> <!-- DataProvider.twoDimensionsTest -->
