<?xml version="1.0" encoding="UTF-8"?>
<!-- Generated by org.testng.reporters.JUnitReportReporter -->
<testsuite skipped="0" hostname="BDC6-D-871KX52" name="excel_Demos.read_Excel" tests="1" failures="0" timestamp="2020-01-23T08:57:20 IST" time="1.924" errors="0">
  <testcase name="readExcelData" time="1.924" classname="excel_Demos.read_Excel"/>
</testsuite> <!-- excel_Demos.read_Excel -->
