<?xml version="1.0" encoding="UTF-8"?>
<!-- Generated by org.testng.reporters.JUnitReportReporter -->
<testsuite skipped="0" hostname="BDC6-D-871KX52" name="testNGdemos.group_Ing" tests="4" failures="0" timestamp="2020-01-23T10:48:32 IST" time="0.018" errors="0">
  <testcase name="Scooter1" time="0.002" classname="testNGdemos.group_Ing"/>
  <testcase name="CarTest" time="0.012" classname="testNGdemos.group_Ing"/>
  <testcase name="Scooter2" time="0.002" classname="testNGdemos.group_Ing"/>
  <testcase name="Sedan1" time="0.002" classname="testNGdemos.group_Ing"/>
</testsuite> <!-- testNGdemos.group_Ing -->
