<?xml version="1.0" encoding="UTF-8"?>
<!-- Generated by org.testng.reporters.JUnitReportReporter -->
<testsuite skipped="0" hostname="BDC6-D-871KX52" name="case_study.case_study3" tests="1" failures="0" timestamp="2020-01-29T10:35:48 IST" time="14.765" errors="0">
  <testcase name="chromeScena" time="14.765" classname="case_study.case_study3"/>
  <system-out/>
</testsuite> <!-- case_study.case_study3 -->
