<?xml version="1.0" encoding="UTF-8"?>
<!-- Generated by org.testng.reporters.JUnitReportReporter -->
<testsuite skipped="0" hostname="BDC6-D-871KX52" name="DataProvider.twoDimensions" tests="3" failures="0" timestamp="2020-01-21T15:01:55 IST" time="0.016" errors="0">
  <testcase name="DataInfo" time="0.000" classname="DataProvider.twoDimensions"/>
  <testcase name="DataInfo" time="0.016" classname="DataProvider.twoDimensions"/>
  <testcase name="DataInfo" time="0.000" classname="DataProvider.twoDimensions"/>
</testsuite> <!-- DataProvider.twoDimensions -->
