<?xml version="1.0" encoding="UTF-8"?>
<!-- Generated by org.testng.reporters.JUnitReportReporter -->
<testsuite skipped="0" hostname="BDC6-D-871KX52" name="DataProvider.mercuryToursDataProvider" tests="1" failures="0" timestamp="2020-01-29T10:55:53 IST" time="15.650" errors="0">
  <testcase name="DataInfo" time="15.650" classname="DataProvider.mercuryToursDataProvider"/>
  <system-out/>
</testsuite> <!-- DataProvider.mercuryToursDataProvider -->
